<?xml version="1.0" encoding="UTF-8"?>
<testsuite xmlns:xsi="http://www.w3.org/2001/XMLSchema-instance" xsi:noNamespaceSchemaLocation="https://maven.apache.org/surefire/maven-surefire-plugin/xsd/surefire-test-report-3.0.xsd" version="3.0" name="com.musicplatform.FeatureVerificationTest" time="0.646" tests="3" errors="0" skipped="0" failures="0">
  <properties>
[...]
</properties>
  <testcase name="testAlbumPublicToggle" classname="com.musicplatform.FeatureVerificationTest" time="0.527">
    <system-out><![CDATA[Testing Album Workflow...
Album Workflow Passed!
]]></system-out>
  </testcase>
  <testcase name="testTaskWorkflow" classname="com.musicplatform.FeatureVerificationTest" time="0.026">
    <system-out><![CDATA[Testing Task Workflow...
Task Workflow Passed!
]]></system-out>
  </testcase>
  <testcase name="testNotificationWorkflow" classname="com.musicplatform.FeatureVerificationTest" time="0.033">
    <system-out><![CDATA[Testing Notification Workflow...
Notification Workflow Passed!
]]></system-out>
  </testcase>
</testsuite>